<<<<<<< HEAD
This is pdfTeX, Version 3.1415926-2.5-1.40.14 (TeX Live 2013) (format=pdflatex 2013.5.30)  19 SEP 2014 12:58
=======
This is pdfTeX, Version 3.1415926-2.5-1.40.14 (TeX Live 2013) (format=pdflatex 2013.5.30)  17 SEP 2014 15:57
>>>>>>> 97b8e15cc83488aef7d46ac2e09ef5fb2e1ce74c
entering extended mode
 restricted \write18 enabled.
 file:line:error style messages enabled.
 %&-line parsing enabled.
**precip_rev.tex
(./precip_rev.tex
LaTeX2e <2011/06/27>
Babel <3.9f> and hyphenation patterns for 78 languages loaded.
(/usr/local/texlive/2013/texmf-dist/tex/latex/base/article.cls
Document Class: article 2007/10/19 v1.4h Standard LaTeX document class
(/usr/local/texlive/2013/texmf-dist/tex/latex/base/size12.clo
File: size12.clo 2007/10/19 v1.4h Standard LaTeX file (size option)
)
\c@part=\count79
\c@section=\count80
\c@subsection=\count81
\c@subsubsection=\count82
\c@paragraph=\count83
\c@subparagraph=\count84
\c@figure=\count85
\c@table=\count86
\abovecaptionskip=\skip41
\belowcaptionskip=\skip42
\bibindent=\dimen102
) (./ametsoc.sty
Package: ametsoc 

(/usr/local/texlive/2013/texmf-dist/tex/latex/graphics/graphicx.sty
Package: graphicx 1999/02/16 v1.0f Enhanced LaTeX Graphics (DPC,SPQR)

(/usr/local/texlive/2013/texmf-dist/tex/latex/graphics/keyval.sty
Package: keyval 1999/03/16 v1.13 key=value parser (DPC)
\KV@toks@=\toks14
)
(/usr/local/texlive/2013/texmf-dist/tex/latex/graphics/graphics.sty
Package: graphics 2009/02/05 v1.0o Standard LaTeX Graphics (DPC,SPQR)

(/usr/local/texlive/2013/texmf-dist/tex/latex/graphics/trig.sty
Package: trig 1999/03/16 v1.09 sin cos tan (DPC)
)
(/usr/local/texlive/2013/texmf-dist/tex/latex/latexconfig/graphics.cfg
File: graphics.cfg 2010/04/23 v1.9 graphics configuration of TeX Live
)
Package graphics Info: Driver file: pdftex.def on input line 91.

(/usr/local/texlive/2013/texmf-dist/tex/latex/pdftex-def/pdftex.def
File: pdftex.def 2011/05/27 v0.06d Graphics/color for pdfTeX

(/usr/local/texlive/2013/texmf-dist/tex/generic/oberdiek/infwarerr.sty
Package: infwarerr 2010/04/08 v1.3 Providing info/warning/error messages (HO)
)
(/usr/local/texlive/2013/texmf-dist/tex/generic/oberdiek/ltxcmds.sty
Package: ltxcmds 2011/11/09 v1.22 LaTeX kernel commands for general use (HO)
)
\Gread@gobject=\count87
))
\Gin@req@height=\dimen103
\Gin@req@width=\dimen104
)
(/usr/local/texlive/2013/texmf-dist/tex/latex/geometry/geometry.sty
Package: geometry 2010/09/12 v5.6 Page Geometry

(/usr/local/texlive/2013/texmf-dist/tex/generic/oberdiek/ifpdf.sty
Package: ifpdf 2011/01/30 v2.3 Provides the ifpdf switch (HO)
Package ifpdf Info: pdfTeX in PDF mode is detected.
)
(/usr/local/texlive/2013/texmf-dist/tex/generic/oberdiek/ifvtex.sty
Package: ifvtex 2010/03/01 v1.5 Detect VTeX and its facilities (HO)
Package ifvtex Info: VTeX not detected.
)
(/usr/local/texlive/2013/texmf-dist/tex/generic/ifxetex/ifxetex.sty
Package: ifxetex 2010/09/12 v0.6 Provides ifxetex conditional
)
\Gm@cnth=\count88
\Gm@cntv=\count89
\c@Gm@tempcnt=\count90
\Gm@bindingoffset=\dimen105
\Gm@wd@mp=\dimen106
\Gm@odd@mp=\dimen107
\Gm@even@mp=\dimen108
\Gm@layoutwidth=\dimen109
\Gm@layoutheight=\dimen110
\Gm@layouthoffset=\dimen111
\Gm@layoutvoffset=\dimen112
\Gm@dimlist=\toks15
)
(/usr/local/texlive/2013/texmf-dist/tex/latex/natbib/natbib.sty
Package: natbib 2010/09/13 8.31b (PWD, AO)
\bibhang=\skip43
\bibsep=\skip44
LaTeX Info: Redefining \cite on input line 694.
\c@NAT@ctr=\count91
)
(/usr/local/texlive/2013/texmf-dist/tex/latex/url/url.sty
\Urlmuskip=\muskip10
Package: url 2006/04/12  ver 3.3  Verb mode for urls, etc.
)
(/usr/local/texlive/2013/texmf-dist/tex/latex/graphics/color.sty
Package: color 2005/11/14 v1.0j Standard LaTeX Color (DPC)

(/usr/local/texlive/2013/texmf-dist/tex/latex/latexconfig/color.cfg
File: color.cfg 2007/01/18 v1.5 color configuration of teTeX/TeXLive
)
Package color Info: Driver file: pdftex.def on input line 130.
)
(/usr/local/texlive/2013/texmf-dist/tex/latex/fancyhdr/fancyhdr.sty
\fancy@headwidth=\skip45
\f@ncyO@elh=\skip46
\f@ncyO@erh=\skip47
\f@ncyO@olh=\skip48
\f@ncyO@orh=\skip49
\f@ncyO@elf=\skip50
\f@ncyO@erf=\skip51
\f@ncyO@olf=\skip52
\f@ncyO@orf=\skip53
)
(/usr/local/texlive/2013/texmf-dist/tex/latex/amsmath/amsmath.sty
Package: amsmath 2013/01/14 v2.14 AMS math features
\@mathmargin=\skip54

For additional information on amsmath, use the `?' option.
(/usr/local/texlive/2013/texmf-dist/tex/latex/amsmath/amstext.sty
Package: amstext 2000/06/29 v2.01

(/usr/local/texlive/2013/texmf-dist/tex/latex/amsmath/amsgen.sty
File: amsgen.sty 1999/11/30 v2.0
\@emptytoks=\toks16
\ex@=\dimen113
))
(/usr/local/texlive/2013/texmf-dist/tex/latex/amsmath/amsbsy.sty
Package: amsbsy 1999/11/29 v1.2d
\pmbraise@=\dimen114
)
(/usr/local/texlive/2013/texmf-dist/tex/latex/amsmath/amsopn.sty
Package: amsopn 1999/12/14 v2.01 operator names
)
\inf@bad=\count92
LaTeX Info: Redefining \frac on input line 210.
\uproot@=\count93
\leftroot@=\count94
LaTeX Info: Redefining \overline on input line 306.
\classnum@=\count95
\DOTSCASE@=\count96
LaTeX Info: Redefining \ldots on input line 378.
LaTeX Info: Redefining \dots on input line 381.
LaTeX Info: Redefining \cdots on input line 466.
\Mathstrutbox@=\box26
\strutbox@=\box27
\big@size=\dimen115
LaTeX Font Info:    Redeclaring font encoding OML on input line 566.
LaTeX Font Info:    Redeclaring font encoding OMS on input line 567.
\macc@depth=\count97
\c@MaxMatrixCols=\count98
\dotsspace@=\muskip11
\c@parentequation=\count99
\dspbrk@lvl=\count100
\tag@help=\toks17
\row@=\count101
\column@=\count102
\maxfields@=\count103
\andhelp@=\toks18
\eqnshift@=\dimen116
\alignsep@=\dimen117
\tagshift@=\dimen118
\tagwidth@=\dimen119
\totwidth@=\dimen120
\lineht@=\dimen121
\@envbody=\toks19
\multlinegap=\skip55
\multlinetaggap=\skip56
\mathdisplay@stack=\toks20
LaTeX Info: Redefining \[ on input line 2665.
LaTeX Info: Redefining \] on input line 2666.
)
(/usr/local/texlive/2013/texmf-dist/tex/latex/amsfonts/amsfonts.sty
Package: amsfonts 2013/01/14 v3.01 Basic AMSFonts support
\symAMSa=\mathgroup4
\symAMSb=\mathgroup5
LaTeX Font Info:    Overwriting math alphabet `\mathfrak' in version `bold'
(Font)                  U/euf/m/n --> U/euf/b/n on input line 106.
)
(/usr/local/texlive/2013/texmf-dist/tex/latex/amsfonts/amssymb.sty
Package: amssymb 2013/01/14 v3.01 AMS font symbols
)
(/usr/local/texlive/2013/texmf-dist/tex/latex/tools/bm.sty
Package: bm 2004/02/26 v1.1c Bold Symbol Support (DPC/FMi)
\symboldoperators=\mathgroup6
\symboldletters=\mathgroup7
\symboldsymbols=\mathgroup8
LaTeX Font Info:    Redeclaring math alphabet \mathbf on input line 138.
LaTeX Info: Redefining \bm on input line 204.
)
(/usr/local/texlive/2013/texmf-dist/tex/latex/lineno/lineno.sty
Package: lineno 2005/11/02 line numbers on paragraphs v4.41
\linenopenalty=\count104
\output=\toks21
\linenoprevgraf=\count105
\linenumbersep=\dimen122
\linenumberwidth=\dimen123
\c@linenumber=\count106
\c@pagewiselinenumber=\count107
\c@LN@truepage=\count108
\c@internallinenumber=\count109
\c@internallinenumbers=\count110
\quotelinenumbersep=\dimen124
\bframerule=\dimen125
\bframesep=\dimen126
\bframebox=\box28
LaTeX Info: Redefining \\ on input line 3056.
)
(/usr/local/texlive/2013/texmf-dist/tex/latex/tools/indentfirst.sty
Package: indentfirst 1995/11/23 v1.03 Indent first paragraph (DPC)
)
(/usr/local/texlive/2013/texmf-dist/tex/latex/base/ifthen.sty
Package: ifthen 2001/05/26 v1.1c Standard LaTeX ifthen package (DPC)
)
(/usr/local/texlive/2013/texmf-dist/tex/latex/endfloat/endfloat.sty
Package: endfloat 2011/12/25 v2.5d LaTeX2e package puts figures and tables at e
nd (jdm)
\c@posttable=\count111
\efloat@postttt=\write3
\@ef@tttopen=\count112
\c@postfigure=\count113
\efloat@postfff=\write4
\@ef@fffopen=\count114
))
(/usr/local/texlive/2013/texmf-dist/tex/latex/multirow/multirow.sty
\bigstrutjot=\dimen127
)
(/usr/local/texlive/2013/texmf-dist/tex/generic/genmisc/nth.sty
Package: nth 2002/02/27
)
(/usr/local/texlive/2013/texmf-dist/tex/latex/rotating/rotating.sty
Package: rotating 2009/03/28 v2.16a rotated objects in LaTeX
\c@r@tfl@t=\count115
\rotFPtop=\skip57
\rotFPbot=\skip58
\rot@float@box=\box29
\rot@mess@toks=\toks22
)
(/usr/local/texlive/2013/texmf-dist/tex/latex/base/textcomp.sty
Package: textcomp 2005/09/27 v1.99g Standard LaTeX package
Package textcomp Info: Sub-encoding information:
(textcomp)               5 = only ISO-Adobe without \textcurrency
(textcomp)               4 = 5 + \texteuro
(textcomp)               3 = 4 + \textohm
(textcomp)               2 = 3 + \textestimated + \textcurrency
(textcomp)               1 = TS1 - \textcircled - \t
(textcomp)               0 = TS1 (full)
(textcomp)             Font families with sub-encoding setting implement
(textcomp)             only a restricted character set as indicated.
(textcomp)             Family '?' is the default used for unknown fonts.
(textcomp)             See the documentation for details.
Package textcomp Info: Setting ? sub-encoding to TS1/1 on input line 71.

(/usr/local/texlive/2013/texmf-dist/tex/latex/base/ts1enc.def
File: ts1enc.def 2001/06/05 v3.0e (jk/car/fm) Standard LaTeX file
)
LaTeX Info: Redefining \oldstylenums on input line 266.
Package textcomp Info: Setting cmr sub-encoding to TS1/0 on input line 281.
Package textcomp Info: Setting cmss sub-encoding to TS1/0 on input line 282.
Package textcomp Info: Setting cmtt sub-encoding to TS1/0 on input line 283.
Package textcomp Info: Setting cmvtt sub-encoding to TS1/0 on input line 284.
Package textcomp Info: Setting cmbr sub-encoding to TS1/0 on input line 285.
Package textcomp Info: Setting cmtl sub-encoding to TS1/0 on input line 286.
Package textcomp Info: Setting ccr sub-encoding to TS1/0 on input line 287.
Package textcomp Info: Setting ptm sub-encoding to TS1/4 on input line 288.
Package textcomp Info: Setting pcr sub-encoding to TS1/4 on input line 289.
Package textcomp Info: Setting phv sub-encoding to TS1/4 on input line 290.
Package textcomp Info: Setting ppl sub-encoding to TS1/3 on input line 291.
Package textcomp Info: Setting pag sub-encoding to TS1/4 on input line 292.
Package textcomp Info: Setting pbk sub-encoding to TS1/4 on input line 293.
Package textcomp Info: Setting pnc sub-encoding to TS1/4 on input line 294.
Package textcomp Info: Setting pzc sub-encoding to TS1/4 on input line 295.
Package textcomp Info: Setting bch sub-encoding to TS1/4 on input line 296.
Package textcomp Info: Setting put sub-encoding to TS1/5 on input line 297.
Package textcomp Info: Setting uag sub-encoding to TS1/5 on input line 298.
Package textcomp Info: Setting ugq sub-encoding to TS1/5 on input line 299.
Package textcomp Info: Setting ul8 sub-encoding to TS1/4 on input line 300.
Package textcomp Info: Setting ul9 sub-encoding to TS1/4 on input line 301.
Package textcomp Info: Setting augie sub-encoding to TS1/5 on input line 302.
Package textcomp Info: Setting dayrom sub-encoding to TS1/3 on input line 303.
Package textcomp Info: Setting dayroms sub-encoding to TS1/3 on input line 304.

Package textcomp Info: Setting pxr sub-encoding to TS1/0 on input line 305.
Package textcomp Info: Setting pxss sub-encoding to TS1/0 on input line 306.
Package textcomp Info: Setting pxtt sub-encoding to TS1/0 on input line 307.
Package textcomp Info: Setting txr sub-encoding to TS1/0 on input line 308.
Package textcomp Info: Setting txss sub-encoding to TS1/0 on input line 309.
Package textcomp Info: Setting txtt sub-encoding to TS1/0 on input line 310.
Package textcomp Info: Setting lmr sub-encoding to TS1/0 on input line 311.
Package textcomp Info: Setting lmdh sub-encoding to TS1/0 on input line 312.
Package textcomp Info: Setting lmss sub-encoding to TS1/0 on input line 313.
Package textcomp Info: Setting lmssq sub-encoding to TS1/0 on input line 314.
Package textcomp Info: Setting lmvtt sub-encoding to TS1/0 on input line 315.
Package textcomp Info: Setting qhv sub-encoding to TS1/0 on input line 316.
Package textcomp Info: Setting qag sub-encoding to TS1/0 on input line 317.
Package textcomp Info: Setting qbk sub-encoding to TS1/0 on input line 318.
Package textcomp Info: Setting qcr sub-encoding to TS1/0 on input line 319.
Package textcomp Info: Setting qcs sub-encoding to TS1/0 on input line 320.
Package textcomp Info: Setting qpl sub-encoding to TS1/0 on input line 321.
Package textcomp Info: Setting qtm sub-encoding to TS1/0 on input line 322.
Package textcomp Info: Setting qzc sub-encoding to TS1/0 on input line 323.
Package textcomp Info: Setting qhvc sub-encoding to TS1/0 on input line 324.
Package textcomp Info: Setting futs sub-encoding to TS1/4 on input line 325.
Package textcomp Info: Setting futx sub-encoding to TS1/4 on input line 326.
Package textcomp Info: Setting futj sub-encoding to TS1/4 on input line 327.
Package textcomp Info: Setting hlh sub-encoding to TS1/3 on input line 328.
Package textcomp Info: Setting hls sub-encoding to TS1/3 on input line 329.
Package textcomp Info: Setting hlst sub-encoding to TS1/3 on input line 330.
Package textcomp Info: Setting hlct sub-encoding to TS1/5 on input line 331.
Package textcomp Info: Setting hlx sub-encoding to TS1/5 on input line 332.
Package textcomp Info: Setting hlce sub-encoding to TS1/5 on input line 333.
Package textcomp Info: Setting hlcn sub-encoding to TS1/5 on input line 334.
Package textcomp Info: Setting hlcw sub-encoding to TS1/5 on input line 335.
Package textcomp Info: Setting hlcf sub-encoding to TS1/5 on input line 336.
Package textcomp Info: Setting pplx sub-encoding to TS1/3 on input line 337.
Package textcomp Info: Setting pplj sub-encoding to TS1/3 on input line 338.
Package textcomp Info: Setting ptmx sub-encoding to TS1/4 on input line 339.
Package textcomp Info: Setting ptmj sub-encoding to TS1/4 on input line 340.
)
(/usr/local/texlive/2013/texmf-dist/tex/latex/tools/tabularx.sty
Package: tabularx 1999/01/07 v2.07 `tabularx' package (DPC)

(/usr/local/texlive/2013/texmf-dist/tex/latex/tools/array.sty
Package: array 2008/09/09 v2.4c Tabular extension package (FMi)
\col@sep=\dimen128
\extrarowheight=\dimen129
\NC@list=\toks23
\extratabsurround=\skip59
\backup@length=\skip60
)
\TX@col@width=\dimen130
\TX@old@table=\dimen131
\TX@old@col=\dimen132
\TX@target=\dimen133
\TX@delta=\dimen134
\TX@cols=\count116
\TX@ftn=\toks24
)
(./precip_rev.aux)
\openout1 = `precip_rev.aux'.

LaTeX Font Info:    Checking defaults for OML/cmm/m/it on input line 46.
LaTeX Font Info:    ... okay on input line 46.
LaTeX Font Info:    Checking defaults for T1/cmr/m/n on input line 46.
LaTeX Font Info:    ... okay on input line 46.
LaTeX Font Info:    Checking defaults for OT1/cmr/m/n on input line 46.
LaTeX Font Info:    ... okay on input line 46.
LaTeX Font Info:    Checking defaults for OMS/cmsy/m/n on input line 46.
LaTeX Font Info:    ... okay on input line 46.
LaTeX Font Info:    Checking defaults for OMX/cmex/m/n on input line 46.
LaTeX Font Info:    ... okay on input line 46.
LaTeX Font Info:    Checking defaults for U/cmr/m/n on input line 46.
LaTeX Font Info:    ... okay on input line 46.
LaTeX Font Info:    Checking defaults for TS1/cmr/m/n on input line 46.
LaTeX Font Info:    Try loading font information for TS1+cmr on input line 46.
 (/usr/local/texlive/2013/texmf-dist/tex/latex/base/ts1cmr.fd
File: ts1cmr.fd 1999/05/25 v2.5h Standard LaTeX font definitions
)
LaTeX Font Info:    ... okay on input line 46.
 (/usr/local/texlive/2013/texmf-dist/tex/context/base/supp-pdf.mkii
[Loading MPS to PDF converter (version 2006.09.02).]
\scratchcounter=\count117
\scratchdimen=\dimen135
\scratchbox=\box30
\nofMPsegments=\count118
\nofMParguments=\count119
\everyMPshowfont=\toks25
\MPscratchCnt=\count120
\MPscratchDim=\dimen136
\MPnumerator=\count121
\makeMPintoPDFobject=\count122
\everyMPtoPDFconversion=\toks26
) (/usr/local/texlive/2013/texmf-dist/tex/generic/oberdiek/pdftexcmds.sty
Package: pdftexcmds 2011/11/29 v0.20 Utility functions of pdfTeX for LuaTeX (HO
)

(/usr/local/texlive/2013/texmf-dist/tex/generic/oberdiek/ifluatex.sty
Package: ifluatex 2010/03/01 v1.3 Provides the ifluatex switch (HO)
Package ifluatex Info: LuaTeX not detected.
)
Package pdftexcmds Info: LuaTeX not detected.
Package pdftexcmds Info: \pdf@primitive is available.
Package pdftexcmds Info: \pdf@ifprimitive is available.
Package pdftexcmds Info: \pdfdraftmode found.
)
(/usr/local/texlive/2013/texmf-dist/tex/latex/oberdiek/epstopdf-base.sty
Package: epstopdf-base 2010/02/09 v2.5 Base part for package epstopdf

(/usr/local/texlive/2013/texmf-dist/tex/latex/oberdiek/grfext.sty
Package: grfext 2010/08/19 v1.1 Manage graphics extensions (HO)

(/usr/local/texlive/2013/texmf-dist/tex/generic/oberdiek/kvdefinekeys.sty
Package: kvdefinekeys 2011/04/07 v1.3 Define keys (HO)
))
(/usr/local/texlive/2013/texmf-dist/tex/latex/oberdiek/kvoptions.sty
Package: kvoptions 2011/06/30 v3.11 Key value format for package options (HO)

(/usr/local/texlive/2013/texmf-dist/tex/generic/oberdiek/kvsetkeys.sty
Package: kvsetkeys 2012/04/25 v1.16 Key value parser (HO)

(/usr/local/texlive/2013/texmf-dist/tex/generic/oberdiek/etexcmds.sty
Package: etexcmds 2011/02/16 v1.5 Avoid name clashes with e-TeX commands (HO)
Package etexcmds Info: Could not find \expanded.
(etexcmds)             That can mean that you are not using pdfTeX 1.50 or
(etexcmds)             that some package has redefined \expanded.
(etexcmds)             In the latter case, load this package earlier.
)))
Package grfext Info: Graphics extension search list:
(grfext)             [.png,.pdf,.jpg,.mps,.jpeg,.jbig2,.jb2,.PNG,.PDF,.JPG,.JPE
G,.JBIG2,.JB2,.eps]
(grfext)             \AppendGraphicsExtensions on input line 452.

(/usr/local/texlive/2013/texmf-dist/tex/latex/latexconfig/epstopdf-sys.cfg
File: epstopdf-sys.cfg 2010/07/13 v1.3 Configuration of (r)epstopdf for TeX Liv
e
))
*geometry* detected driver: dvips
*geometry* verbose mode - [ preamble ] result:
* driver: dvips
* paper: letterpaper
* layout: <same size as paper>
* layoutoffset:(h,v)=(0.0pt,0.0pt)
* modes: 
* h-part:(L,W,R)=(72.41226pt, 469.47046pt, 72.41228pt)
* v-part:(T,H,B)=(57.36081pt, 651.56793pt, 86.04124pt)
* \paperwidth=614.295pt
* \paperheight=794.96999pt
* \textwidth=469.47046pt
* \textheight=651.56793pt
* \oddsidemargin=0.14227pt
* \evensidemargin=0.14227pt
* \topmargin=-51.90918pt
* \headheight=12.0pt
* \headsep=25.0pt
* \topskip=12.0pt
* \footskip=30.0pt
* \marginparwidth=44.0pt
* \marginparsep=10.0pt
* \columnsep=10.0pt
* \skip\footins=10.8pt plus 4.0pt minus 2.0pt
* \hoffset=0.0pt
* \voffset=0.0pt
* \mag=1000
* \@twocolumnfalse
* \@twosidefalse
* \@mparswitchfalse
* \@reversemarginfalse
* (1in=72.27pt=25.4mm, 1cm=28.453pt)

LaTeX Font Info:    Try loading font information for U+msa on input line 97.
(/usr/local/texlive/2013/texmf-dist/tex/latex/amsfonts/umsa.fd
File: umsa.fd 2013/01/14 v3.01 AMS symbols A
)
LaTeX Font Info:    Try loading font information for U+msb on input line 97.

(/usr/local/texlive/2013/texmf-dist/tex/latex/amsfonts/umsb.fd
File: umsb.fd 2013/01/14 v3.01 AMS symbols B
)
Overfull \hbox (12.0pt too wide) in paragraph at lines 97--97
 [] 
 []


Package Fancyhdr Warning: \headheight is too small (12.0pt): 
 Make it at least 14.49998pt.
 We now make it that large for the rest of the document.
 This may cause the page layout to be inconsistent, however.

[1
Non-PDF special ignored!{/usr/local/texlive/2013/texmf-var/fonts/map/pdftex/upd
map/pdftex.map}

] [1] [2] [3]

Package natbib Warning: Citation `Biasutti2012' on page 4 undefined on input li
ne 111.

LaTeX Font Info:    Try loading font information for OML+cmr on input line 111.

(/usr/local/texlive/2013/texmf-dist/tex/latex/base/omlcmr.fd
File: omlcmr.fd 1999/05/25 v2.5h Standard LaTeX font definitions
)
LaTeX Font Info:    Font shape `OML/cmr/m/n' in size <12> not available
(Font)              Font shape `OML/cmm/m/it' tried instead on input line 111.
 [4]
Overfull \hbox (3.30661pt too wide) in paragraph at lines 119--120
[]\OT1/cmr/m/n/12 In this study, we use a com-pi-la-tion of rain gauge data fro
m weather sta-tions, APHRODITE
 []

[5] [6] [7] [8] [9] [10] [11] [12] [13] [14] [15] [16] [17] [18] [19] [20]
<<<<<<< HEAD
[21] [22] [23] [24] [25] [26] [27] [28] [29] [30] [31]
Overfull \hbox (1.8857pt too wide) in paragraph at lines 309--311
=======
[21] [22] [23] [24] [25]

Package natbib Warning: Citation `Zhang2012' on page 26 undefined on input line
 283.

[26] [27] [28] [29] [30] [31]
Overfull \hbox (1.8857pt too wide) in paragraph at lines 320--322
>>>>>>> 97b8e15cc83488aef7d46ac2e09ef5fb2e1ce74c
\OT1/cmtt/m/n/12 ncep . noaa . gov / products / analysis _ monitoring / ensostu
ff / ensoyears . shtml$\OT1/cmr/m/n/12 . Monthly
 []


<<<<<<< HEAD
Overfull \hbox (18.35478pt too wide) in paragraph at lines 309--311
=======
Overfull \hbox (18.35478pt too wide) in paragraph at lines 320--322
>>>>>>> 97b8e15cc83488aef7d46ac2e09ef5fb2e1ce74c
\OT1/cmtt/m/n/12 http : / / www . esrl . noaa . gov / psd / data / gridded / da
ta . ncep . reanalysis . derived . surface .
 []

[32] [33] (./precip_rev.bbl [34

] [35]
Missing character: There is no ‚ in font cmr12!
Missing character: There is no Ä in font cmr12!
Missing character: There is no ì in font cmr12!
Missing character: There is no ‚ in font cmr12!
Missing character: There is no Ä in font cmr12!
Missing character: There is no ì in font cmr12!
 [36] [37] [38]
Missing character: There is no ‚ in font cmr12!
Missing character: There is no Ä in font cmr12!
Missing character: There is no ê in font cmr12!
Missing character: There is no ‚ in font cmr12!
Missing character: There is no Ä in font cmr12!
Missing character: There is no ú in font cmr12!
Missing character: There is no ‚ in font cmr12!
Missing character: There is no Ä in font cmr12!
Missing character: There is no ù in font cmr12!
 [39] [40] [41] [42]
Missing character: There is no Ä in font cmr12!
Missing character: There is no ô in font cmr12!
Missing character: There is no Ä in font cmr12!
Missing character: There is no ì in font cmr12!

[43]
Missing character: There is no Ä in font cmr12!
 [44])
\openout4 = `precip_rev.fff'.

 (precip_rev.fff)
\openout3 = `precip_rev.ttt'.

 (precip_rev.ttt)

Package natbib Warning: There were undefined citations.

<<<<<<< HEAD
AED endfloat: Processing end Figures and Tables [43] (./precip_rev.lot)
=======
AED endfloat: Processing end Figures and Tables [45] (./precip_rev.lot)
>>>>>>> 97b8e15cc83488aef7d46ac2e09ef5fb2e1ce74c
\tf@lot=\write5
\openout5 = `precip_rev.lot'.


[46



] (./precip_rev.ttt
Overfull \hbox (2.79956pt too wide) in paragraph at lines 36--36
 []|\OT1/cmr/m/n/12 #| 
 []


Overfull \hbox (5.01505pt too wide) in paragraph at lines 36--36
 \OT1/cmr/m/n/12 Dev.| 
 []


Overfull \hbox (5.17615pt too wide) in paragraph at lines 36--36
 []|\OT1/cmr/m/n/12 STN| 
 []


Overfull \hbox (2.24284pt too wide) in paragraph at lines 36--36
 []|\OT1/cmr/m/n/12 6.58| 
 []


Overfull \hbox (2.24284pt too wide) in paragraph at lines 36--36
 []|\OT1/cmr/m/n/12 3.33| 
 []


Overfull \hbox (2.24284pt too wide) in paragraph at lines 36--36
 []|\OT1/cmr/m/n/12 5.09| 
 []


Overfull \hbox (2.24284pt too wide) in paragraph at lines 36--36
 []|\OT1/cmr/m/n/12 2.92| 
 []


Overfull \hbox (2.24284pt too wide) in paragraph at lines 36--36
 []|\OT1/cmr/m/n/12 2.42| 
 []


Overfull \hbox (2.24284pt too wide) in paragraph at lines 36--36
 []|\OT1/cmr/m/n/12 3.27| 
 []


Overfull \hbox (2.24284pt too wide) in paragraph at lines 36--36
 []|\OT1/cmr/m/n/12 1.04| 
 []


Overfull \hbox (2.24284pt too wide) in paragraph at lines 36--36
 []|\OT1/cmr/m/n/12 1.47| 
 []


Overfull \hbox (2.24284pt too wide) in paragraph at lines 36--36
 []|\OT1/cmr/m/n/12 1.28| 
 []


Overfull \hbox (2.24284pt too wide) in paragraph at lines 36--36
 []|\OT1/cmr/m/n/12 3.04| 
 []


Overfull \hbox (2.24284pt too wide) in paragraph at lines 36--36
 []|\OT1/cmr/m/n/12 1.98| 
 []


Overfull \hbox (2.24284pt too wide) in paragraph at lines 36--36
 []|\OT1/cmr/m/n/12 2.98| 
 []


Overfull \hbox (2.24284pt too wide) in paragraph at lines 36--36
 []|\OT1/cmr/m/n/12 1.83| 
 []


Overfull \hbox (2.24284pt too wide) in paragraph at lines 36--36
 []|\OT1/cmr/m/n/12 3.85| 
 []


Overfull \hbox (2.24284pt too wide) in paragraph at lines 36--36
 []|\OT1/cmr/m/n/12 1.74| 
 []


Overfull \hbox (2.24284pt too wide) in paragraph at lines 36--36
 []|\OT1/cmr/m/n/12 2.01| 
 []


Overfull \hbox (4.75787pt too wide) in paragraph at lines 36--36
 []|\OT1/cmr/m/n/12 10| 
 []


Overfull \hbox (2.24284pt too wide) in paragraph at lines 36--36
 []|\OT1/cmr/m/n/12 1.78| 
 []


Overfull \hbox (2.24284pt too wide) in paragraph at lines 36--36
 []|\OT1/cmr/m/n/12 1.89| 
 []


Overfull \hbox (4.75787pt too wide) in paragraph at lines 36--36
 []|\OT1/cmr/m/n/12 11| 
 []


Overfull \hbox (2.24284pt too wide) in paragraph at lines 36--36
 []|\OT1/cmr/m/n/12 1.62| 
 []


Overfull \hbox (2.24284pt too wide) in paragraph at lines 36--36
 []|\OT1/cmr/m/n/12 2.94| 
 []


Overfull \hbox (4.75787pt too wide) in paragraph at lines 36--36
 []|\OT1/cmr/m/n/12 12| 
 []


Overfull \hbox (1.38132pt too wide) in paragraph at lines 36--36
 []|\OT1/cmr/m/n/12 106.1\TS1/cmr/m/n/12 ∞\OT1/cmr/m/n/12 E| 
 []


Overfull \hbox (2.24284pt too wide) in paragraph at lines 36--36
 []|\OT1/cmr/m/n/12 3.80| 
 []


Overfull \hbox (2.24284pt too wide) in paragraph at lines 36--36
 []|\OT1/cmr/m/n/12 1.56| 
 []


Overfull \hbox (4.75787pt too wide) in paragraph at lines 36--36
 []|\OT1/cmr/m/n/12 13| 
 []


Overfull \hbox (1.38132pt too wide) in paragraph at lines 36--36
 []|\OT1/cmr/m/n/12 114.1\TS1/cmr/m/n/12 ∞\OT1/cmr/m/n/12 E| 
 []


Overfull \hbox (2.24284pt too wide) in paragraph at lines 36--36
 []|\OT1/cmr/m/n/12 4.41| 
 []


Overfull \hbox (2.24284pt too wide) in paragraph at lines 36--36
 []|\OT1/cmr/m/n/12 1.01| 
 []


Overfull \hbox (4.75787pt too wide) in paragraph at lines 36--36
 []|\OT1/cmr/m/n/12 14| 
 []


Overfull \hbox (1.38132pt too wide) in paragraph at lines 36--36
 []|\OT1/cmr/m/n/12 121.6\TS1/cmr/m/n/12 ∞\OT1/cmr/m/n/12 E| 
 []


Overfull \hbox (2.24284pt too wide) in paragraph at lines 36--36
 []|\OT1/cmr/m/n/12 4.62| 
 []


Overfull \hbox (2.24284pt too wide) in paragraph at lines 36--36
 []|\OT1/cmr/m/n/12 3.36| 
 []


Overfull \hbox (4.75787pt too wide) in paragraph at lines 36--36
 []|\OT1/cmr/m/n/12 15| 
 []


Overfull \hbox (1.38132pt too wide) in paragraph at lines 36--36
 []|\OT1/cmr/m/n/12 106.4\TS1/cmr/m/n/12 ∞\OT1/cmr/m/n/12 E| 
 []


Overfull \hbox (2.24284pt too wide) in paragraph at lines 36--36
 []|\OT1/cmr/m/n/12 2.15| 
 []


Overfull \hbox (2.24284pt too wide) in paragraph at lines 36--36
 []|\OT1/cmr/m/n/12 1.49| 
 []


Overfull \hbox (4.75787pt too wide) in paragraph at lines 36--36
 []|\OT1/cmr/m/n/12 16| 
 []


Overfull \hbox (1.38132pt too wide) in paragraph at lines 36--36
 []|\OT1/cmr/m/n/12 109.4\TS1/cmr/m/n/12 ∞\OT1/cmr/m/n/12 E| 
 []


Overfull \hbox (2.24284pt too wide) in paragraph at lines 36--36
 []|\OT1/cmr/m/n/12 3.09| 
 []


Overfull \hbox (2.24284pt too wide) in paragraph at lines 36--36
 []|\OT1/cmr/m/n/12 1.32| 
 []


Overfull \hbox (4.75787pt too wide) in paragraph at lines 36--36
 []|\OT1/cmr/m/n/12 17| 
 []


Overfull \hbox (1.38132pt too wide) in paragraph at lines 36--36
 []|\OT1/cmr/m/n/12 117.1\TS1/cmr/m/n/12 ∞\OT1/cmr/m/n/12 E| 
 []


Overfull \hbox (2.24284pt too wide) in paragraph at lines 36--36
 []|\OT1/cmr/m/n/12 3.03| 
 []


Overfull \hbox (2.24284pt too wide) in paragraph at lines 36--36
 []|\OT1/cmr/m/n/12 1.42| 
 []


Overfull \hbox (4.75787pt too wide) in paragraph at lines 36--36
 []|\OT1/cmr/m/n/12 18| 
 []


Overfull \hbox (1.38132pt too wide) in paragraph at lines 36--36
 []|\OT1/cmr/m/n/12 119.9\TS1/cmr/m/n/12 ∞\OT1/cmr/m/n/12 E| 
 []


Overfull \hbox (2.24284pt too wide) in paragraph at lines 36--36
 []|\OT1/cmr/m/n/12 2.37| 
 []


Overfull \hbox (2.24284pt too wide) in paragraph at lines 36--36
 []|\OT1/cmr/m/n/12 1.14| 
 []


Overfull \hbox (4.75787pt too wide) in paragraph at lines 36--36
 []|\OT1/cmr/m/n/12 19| 
 []


Overfull \hbox (1.38132pt too wide) in paragraph at lines 36--36
 []|\OT1/cmr/m/n/12 128.1\TS1/cmr/m/n/12 ∞\OT1/cmr/m/n/12 E| 
 []


Overfull \hbox (2.24284pt too wide) in paragraph at lines 36--36
 []|\OT1/cmr/m/n/12 4.10| 
 []


Overfull \hbox (2.24284pt too wide) in paragraph at lines 36--36
 []|\OT1/cmr/m/n/12 1.67| 
 []


Overfull \hbox (4.75787pt too wide) in paragraph at lines 36--36
 []|\OT1/cmr/m/n/12 20| 
 []


Overfull \hbox (1.38132pt too wide) in paragraph at lines 36--36
 []|\OT1/cmr/m/n/12 139.4\TS1/cmr/m/n/12 ∞\OT1/cmr/m/n/12 E| 
 []


Overfull \hbox (2.24284pt too wide) in paragraph at lines 36--36
 []|\OT1/cmr/m/n/12 2.86| 
 []


Overfull \hbox (2.24284pt too wide) in paragraph at lines 36--36
 []|\OT1/cmr/m/n/12 3.33| 
 []


Overfull \hbox (4.75787pt too wide) in paragraph at lines 36--36
 []|\OT1/cmr/m/n/12 21| 
 []


Overfull \hbox (1.38132pt too wide) in paragraph at lines 36--36
 []|\OT1/cmr/m/n/12 109.9\TS1/cmr/m/n/12 ∞\OT1/cmr/m/n/12 E| 
 []


Overfull \hbox (2.24284pt too wide) in paragraph at lines 36--36
 []|\OT1/cmr/m/n/12 1.26| 
 []


Overfull \hbox (2.24284pt too wide) in paragraph at lines 36--36
 []|\OT1/cmr/m/n/12 1.08| 
 []


Overfull \hbox (4.75787pt too wide) in paragraph at lines 36--36
 []|\OT1/cmr/m/n/12 22| 
 []


Overfull \hbox (1.38132pt too wide) in paragraph at lines 36--36
 []|\OT1/cmr/m/n/12 117.9\TS1/cmr/m/n/12 ∞\OT1/cmr/m/n/12 E| 
 []


Overfull \hbox (2.24284pt too wide) in paragraph at lines 36--36
 []|\OT1/cmr/m/n/12 1.99| 
 []


Overfull \hbox (2.24284pt too wide) in paragraph at lines 36--36
 []|\OT1/cmr/m/n/12 1.98| 
 []


Underfull \hbox (badness 10000) in alignment at lines 36--36
[][][][][][][][] 
 []

[47] [48]
Underfull \hbox (badness 10000) in alignment at lines 88--88
[][][][][][][][][] 
 []

[49]) (./precip_rev.lof [50





] [51])
\tf@lof=\write6
\openout6 = `precip_rev.lof'.

 [52] (./precip_rev.fff
Package epstopdf Info: Source file: <fig1precipandtopo.eps>
(epstopdf)                    date: 2014-05-19 14:21:08
(epstopdf)                    size: 6960010 bytes
(epstopdf)             Output file: <fig1precipandtopo-eps-converted-to.pdf>
(epstopdf)                    date: 2014-09-02 15:08:42
(epstopdf)                    size: 189940 bytes
(epstopdf)             Command: <repstopdf --outfile=fig1precipandtopo-eps-conv
erted-to.pdf fig1precipandtopo.eps>
(epstopdf)             \includegraphics on input line 2.
Package epstopdf Info: Output file is already uptodate.

<fig1precipandtopo-eps-converted-to.pdf, id=189, 1910.13625pt x 1468.48625pt>
File: fig1precipandtopo-eps-converted-to.pdf Graphic file (type pdf)

<use fig1precipandtopo-eps-converted-to.pdf>
Package pdftex.def Info: fig1precipandtopo-eps-converted-to.pdf used on input l
ine 2.
(pdftex.def)             Requested size: 432.0pt x 332.0981pt.

Underfull \hbox (badness 10000) in paragraph at lines 2--3

 []

[53 <./fig1precipandtopo-eps-converted-to.pdf>]
Package epstopdf Info: Source file: <fig2regions.eps>
(epstopdf)                    date: 2014-05-19 14:18:42
(epstopdf)                    size: 7151130 bytes
(epstopdf)             Output file: <fig2regions-eps-converted-to.pdf>
(epstopdf)                    date: 2014-09-02 15:08:44
(epstopdf)                    size: 146318 bytes
(epstopdf)             Command: <repstopdf --outfile=fig2regions-eps-converted-
to.pdf fig2regions.eps>
(epstopdf)             \includegraphics on input line 8.
Package epstopdf Info: Output file is already uptodate.

<fig2regions-eps-converted-to.pdf, id=201, 1903.11pt x 2069.7325pt>
File: fig2regions-eps-converted-to.pdf Graphic file (type pdf)

<use fig2regions-eps-converted-to.pdf>
Package pdftex.def Info: fig2regions-eps-converted-to.pdf used on input line 8.

(pdftex.def)             Requested size: 432.0pt x 469.8069pt.

Underfull \hbox (badness 10000) in paragraph at lines 8--9

 []

[54 <./fig2regions-eps-converted-to.pdf>]
Package epstopdf Info: Source file: <fig3correl.eps>
(epstopdf)                    date: 2014-05-19 13:42:38
(epstopdf)                    size: 2108930 bytes
(epstopdf)             Output file: <fig3correl-eps-converted-to.pdf>
(epstopdf)                    date: 2014-09-02 15:08:51
(epstopdf)                    size: 67024 bytes
(epstopdf)             Command: <repstopdf --outfile=fig3correl-eps-converted-t
o.pdf fig3correl.eps>
(epstopdf)             \includegraphics on input line 14.
Package epstopdf Info: Output file is already uptodate.

<fig3correl-eps-converted-to.pdf, id=211, 585.18625pt x 571.13374pt>
File: fig3correl-eps-converted-to.pdf Graphic file (type pdf)

<use fig3correl-eps-converted-to.pdf>
Package pdftex.def Info: fig3correl-eps-converted-to.pdf used on input line 14.

(pdftex.def)             Requested size: 432.0pt x 421.63887pt.

Underfull \hbox (badness 10000) in paragraph at lines 14--15

 []

[55 <./fig3correl-eps-converted-to.pdf>]
Package epstopdf Info: Source file: <fig4agreement.eps>
(epstopdf)                    date: 2014-05-19 14:43:50
(epstopdf)                    size: 4832358 bytes
(epstopdf)             Output file: <fig4agreement-eps-converted-to.pdf>
(epstopdf)                    date: 2014-09-02 15:08:52
(epstopdf)                    size: 305339 bytes
(epstopdf)             Command: <repstopdf --outfile=fig4agreement-eps-converte
d-to.pdf fig4agreement.eps>
(epstopdf)             \includegraphics on input line 20.
Package epstopdf Info: Output file is already uptodate.

<fig4agreement-eps-converted-to.pdf, id=229, 804.00375pt x 1208.515pt>
File: fig4agreement-eps-converted-to.pdf Graphic file (type pdf)

<use fig4agreement-eps-converted-to.pdf>
Package pdftex.def Info: fig4agreement-eps-converted-to.pdf used on input line 
20.
(pdftex.def)             Requested size: 432.0pt x 649.34286pt.

Underfull \hbox (badness 10000) in paragraph at lines 20--21

 []


LaTeX Warning: Float too large for page by 53.60825pt on input line 22.

[56 <./fig4agreement-eps-converted-to.pdf>]
Package epstopdf Info: Source file: <fig5eof_allasia.eps>
(epstopdf)                    date: 2014-05-19 10:50:02
(epstopdf)                    size: 4921166 bytes
(epstopdf)             Output file: <fig5eof_allasia-eps-converted-to.pdf>
(epstopdf)                    date: 2014-09-02 15:08:54
(epstopdf)                    size: 239971 bytes
(epstopdf)             Command: <repstopdf --outfile=fig5eof_allasia-eps-conver
ted-to.pdf fig5eof_allasia.eps>
(epstopdf)             \includegraphics on input line 26.
Package epstopdf Info: Output file is already uptodate.

<fig5eof_allasia-eps-converted-to.pdf, id=238, 512.91624pt x 786.94pt>
File: fig5eof_allasia-eps-converted-to.pdf Graphic file (type pdf)

<use fig5eof_allasia-eps-converted-to.pdf>
Package pdftex.def Info: fig5eof_allasia-eps-converted-to.pdf used on input lin
e 26.
(pdftex.def)             Requested size: 384.0pt x 589.15887pt.

Underfull \hbox (badness 10000) in paragraph at lines 26--27

 []


LaTeX Warning: Float too large for page by 80.42426pt on input line 28.

[57 <./fig5eof_allasia-eps-converted-to.pdf>]
Package epstopdf Info: Source file: <fig6eof_monthly.eps>
(epstopdf)                    date: 2014-05-19 10:58:57
(epstopdf)                    size: 4182950 bytes
(epstopdf)             Output file: <fig6eof_monthly-eps-converted-to.pdf>
(epstopdf)                    date: 2014-09-02 15:08:56
(epstopdf)                    size: 227451 bytes
(epstopdf)             Command: <repstopdf --outfile=fig6eof_monthly-eps-conver
ted-to.pdf fig6eof_monthly.eps>
(epstopdf)             \includegraphics on input line 32.
Package epstopdf Info: Output file is already uptodate.

<fig6eof_monthly-eps-converted-to.pdf, id=254, 537.00626pt x 397.485pt>
File: fig6eof_monthly-eps-converted-to.pdf Graphic file (type pdf)

<use fig6eof_monthly-eps-converted-to.pdf>
Package pdftex.def Info: fig6eof_monthly-eps-converted-to.pdf used on input lin
e 32.
(pdftex.def)             Requested size: 432.0pt x 319.75945pt.

Underfull \hbox (badness 10000) in paragraph at lines 32--33

 []

[58 <./fig6eof_monthly-eps-converted-to.pdf>]
Package epstopdf Info: Source file: <fig7eof_region.eps>
(epstopdf)                    date: 2014-05-19 10:50:46
(epstopdf)                    size: 2813462 bytes
(epstopdf)             Output file: <fig7eof_region-eps-converted-to.pdf>
(epstopdf)                    date: 2014-09-02 15:08:57
(epstopdf)                    size: 140452 bytes
(epstopdf)             Command: <repstopdf --outfile=fig7eof_region-eps-convert
ed-to.pdf fig7eof_region.eps>
(epstopdf)             \includegraphics on input line 38.
Package epstopdf Info: Output file is already uptodate.

<fig7eof_region-eps-converted-to.pdf, id=270, 512.91624pt x 590.205pt>
File: fig7eof_region-eps-converted-to.pdf Graphic file (type pdf)

<use fig7eof_region-eps-converted-to.pdf>
Package pdftex.def Info: fig7eof_region-eps-converted-to.pdf used on input line
 38.
(pdftex.def)             Requested size: 360.0pt x 414.24838pt.

Underfull \hbox (badness 10000) in paragraph at lines 38--40

 []

[59 <./fig7eof_region-eps-converted-to.pdf>]
Package epstopdf Info: Source file: <fig8allnepal.eps>
(epstopdf)                    date: 2014-05-19 10:51:48
(epstopdf)                    size: 1158150 bytes
(epstopdf)             Output file: <fig8allnepal-eps-converted-to.pdf>
(epstopdf)                    date: 2014-09-02 15:08:58
(epstopdf)                    size: 30472 bytes
(epstopdf)             Command: <repstopdf --outfile=fig8allnepal-eps-converted
-to.pdf fig8allnepal.eps>
(epstopdf)             \includegraphics on input line 45.
Package epstopdf Info: Output file is already uptodate.

<fig8allnepal-eps-converted-to.pdf, id=286, 536.0025pt x 508.90125pt>
File: fig8allnepal-eps-converted-to.pdf Graphic file (type pdf)

<use fig8allnepal-eps-converted-to.pdf>
Package pdftex.def Info: fig8allnepal-eps-converted-to.pdf used on input line 4
5.
(pdftex.def)             Requested size: 432.0pt x 410.15775pt.

Underfull \hbox (badness 10000) in paragraph at lines 45--46

 []

[60 <./fig8allnepal-eps-converted-to.pdf>]
Package epstopdf Info: Source file: <fig9laglead.eps>
(epstopdf)                    date: 2014-05-19 10:52:51
(epstopdf)                    size: 25282102 bytes
(epstopdf)             Output file: <fig9laglead-eps-converted-to.pdf>
(epstopdf)                    date: 2014-09-02 15:09:02
(epstopdf)                    size: 1805779 bytes
(epstopdf)             Command: <repstopdf --outfile=fig9laglead-eps-converted-
to.pdf fig9laglead.eps>
(epstopdf)             \includegraphics on input line 51.
Package epstopdf Info: Output file is already uptodate.

<fig9laglead-eps-converted-to.pdf, id=296, 698.61pt x 653.44125pt>
File: fig9laglead-eps-converted-to.pdf Graphic file (type pdf)

<use fig9laglead-eps-converted-to.pdf>
Package pdftex.def Info: fig9laglead-eps-converted-to.pdf used on input line 51
.
(pdftex.def)             Requested size: 504.0pt x 471.41458pt.

Overfull \hbox (34.52954pt too wide) in paragraph at lines 51--52
[] 
 []


Underfull \hbox (badness 10000) in paragraph at lines 51--52

 []

[61 <./fig9laglead-eps-converted-to.pdf>]
Package epstopdf Info: Source file: <fig10kmax.eps>
<<<<<<< HEAD
(epstopdf)                    date: 2014-09-19 12:53:44
(epstopdf)                    size: 4028162 bytes
(epstopdf)             Output file: <fig10kmax-eps-converted-to.pdf>
(epstopdf)                    date: 2014-09-19 12:53:43
(epstopdf)                    size: 366399 bytes
=======
(epstopdf)                    date: 2014-09-17 15:55:08
(epstopdf)                    size: 4104506 bytes
(epstopdf)             Output file: <fig10kmax-eps-converted-to.pdf>
(epstopdf)                    date: 2014-09-17 12:30:01
(epstopdf)                    size: 370623 bytes
>>>>>>> 97b8e15cc83488aef7d46ac2e09ef5fb2e1ce74c
(epstopdf)             Command: <repstopdf --outfile=fig10kmax-eps-converted-to
.pdf fig10kmax.eps>
(epstopdf)             \includegraphics on input line 57.
runsystem(repstopdf --outfile=fig10kmax-eps-converted-to.pdf fig10kmax.eps)...e
xecuted safely (allowed).

Package epstopdf Info: Result file: <fig10kmax-eps-converted-to.pdf>
<<<<<<< HEAD
(epstopdf)                    date: 2014-09-19 12:58:14
(epstopdf)                    size: 366399 bytes.
=======
(epstopdf)                    date: 2014-09-17 15:57:44
(epstopdf)                    size: 370695 bytes.
>>>>>>> 97b8e15cc83488aef7d46ac2e09ef5fb2e1ce74c

<fig10kmax-eps-converted-to.pdf, id=309, 545.03625pt x 940.51375pt>
File: fig10kmax-eps-converted-to.pdf Graphic file (type pdf)

<use fig10kmax-eps-converted-to.pdf>
Package pdftex.def Info: fig10kmax-eps-converted-to.pdf used on input line 57.
(pdftex.def)             Requested size: 384.0pt x 662.63176pt.

Underfull \hbox (badness 10000) in paragraph at lines 57--58

 []


LaTeX Warning: Float too large for page by 81.39714pt on input line 59.

[62 <./fig10kmax-eps-converted-to.pdf>]
Package epstopdf Info: Source file: <fig11u200.eps>
(epstopdf)                    date: 2014-05-19 10:54:38
(epstopdf)                    size: 2455062 bytes
(epstopdf)             Output file: <fig11u200-eps-converted-to.pdf>
(epstopdf)                    date: 2014-09-02 15:09:05
(epstopdf)                    size: 221935 bytes
(epstopdf)             Command: <repstopdf --outfile=fig11u200-eps-converted-to
.pdf fig11u200.eps>
(epstopdf)             \includegraphics on input line 63.
Package epstopdf Info: Output file is already uptodate.

<fig11u200-eps-converted-to.pdf, id=333, 651.43375pt x 524.96124pt>
File: fig11u200-eps-converted-to.pdf Graphic file (type pdf)

<use fig11u200-eps-converted-to.pdf>
Package pdftex.def Info: fig11u200-eps-converted-to.pdf used on input line 63.
(pdftex.def)             Requested size: 432.0pt x 348.14162pt.

Underfull \hbox (badness 10000) in paragraph at lines 63--64

 []

[63 <./fig11u200-eps-converted-to.pdf>]
Package epstopdf Info: Source file: <fig12lmdz.eps>
(epstopdf)                    date: 2014-05-19 10:55:10
(epstopdf)                    size: 2687398 bytes
(epstopdf)             Output file: <fig12lmdz-eps-converted-to.pdf>
(epstopdf)                    date: 2014-09-02 15:09:06
(epstopdf)                    size: 195662 bytes
(epstopdf)             Command: <repstopdf --outfile=fig12lmdz-eps-converted-to
.pdf fig12lmdz.eps>
(epstopdf)             \includegraphics on input line 69.
Package epstopdf Info: Output file is already uptodate.

<fig12lmdz-eps-converted-to.pdf, id=342, 727.71875pt x 521.95pt>
File: fig12lmdz-eps-converted-to.pdf Graphic file (type pdf)

<use fig12lmdz-eps-converted-to.pdf>
Package pdftex.def Info: fig12lmdz-eps-converted-to.pdf used on input line 69.
(pdftex.def)             Requested size: 432.0pt x 309.85925pt.

Underfull \hbox (badness 10000) in paragraph at lines 69--70

 []

[64 <./fig12lmdz-eps-converted-to.pdf>]) (./precip_rev.aux) ) 
Here is how much of TeX's memory you used:
<<<<<<< HEAD
 5074 strings out of 493315
 70944 string characters out of 6137904
 170318 words of memory out of 5000000
 8361 multiletter control sequences out of 15000+600000
=======
 5116 strings out of 493315
 71712 string characters out of 6137904
 171959 words of memory out of 5000000
 8403 multiletter control sequences out of 15000+600000
>>>>>>> 97b8e15cc83488aef7d46ac2e09ef5fb2e1ce74c
 22791 words of font info for 84 fonts, out of 8000000 for 9000
 957 hyphenation exceptions out of 8191
 38i,19n,45p,3185b,472s stack positions out of 5000i,500n,10000p,200000b,80000s
{/usr/local/texliv
e/2013/texmf-dist/fonts/enc/dvips/cm-super/cm-super-ts1.enc}</usr/local/texlive
/2013/texmf-dist/fonts/type1/public/amsfonts/cm/cmbx12.pfb></usr/local/texlive/
2013/texmf-dist/fonts/type1/public/amsfonts/cm/cmcsc10.pfb></usr/local/texlive/
2013/texmf-dist/fonts/type1/public/amsfonts/cm/cmex10.pfb></usr/local/texlive/2
013/texmf-dist/fonts/type1/public/amsfonts/cm/cmmi12.pfb></usr/local/texlive/20
13/texmf-dist/fonts/type1/public/amsfonts/cm/cmmi8.pfb></usr/local/texlive/2013
/texmf-dist/fonts/type1/public/amsfonts/cm/cmr10.pfb></usr/local/texlive/2013/t
exmf-dist/fonts/type1/public/amsfonts/cm/cmr12.pfb></usr/local/texlive/2013/tex
mf-dist/fonts/type1/public/amsfonts/cm/cmr7.pfb></usr/local/texlive/2013/texmf-
dist/fonts/type1/public/amsfonts/cm/cmr8.pfb></usr/local/texlive/2013/texmf-dis
t/fonts/type1/public/amsfonts/cm/cmss8.pfb></usr/local/texlive/2013/texmf-dist/
fonts/type1/public/amsfonts/cm/cmsy10.pfb></usr/local/texlive/2013/texmf-dist/f
onts/type1/public/amsfonts/cm/cmsy7.pfb></usr/local/texlive/2013/texmf-dist/fon
ts/type1/public/amsfonts/cm/cmsy8.pfb></usr/local/texlive/2013/texmf-dist/fonts
/type1/public/amsfonts/cm/cmti10.pfb></usr/local/texlive/2013/texmf-dist/fonts/
type1/public/amsfonts/cm/cmti12.pfb></usr/local/texlive/2013/texmf-dist/fonts/t
ype1/public/amsfonts/cm/cmtt12.pfb></usr/local/texlive/2013/texmf-dist/fonts/ty
pe1/public/amsfonts/symbols/msbm10.pfb></usr/local/texlive/2013/texmf-dist/font
s/type1/public/cm-super/sfrm1200.pfb>
<<<<<<< HEAD
Output written on precip_rev.pdf (63 pages, 3942868 bytes).
=======
Output written on precip_rev.pdf (65 pages, 3952831 bytes).
>>>>>>> 97b8e15cc83488aef7d46ac2e09ef5fb2e1ce74c
PDF statistics:
 412 PDF objects out of 1000 (max. 8388607)
 284 compressed objects within 3 object streams
 0 named destinations out of 1000 (max. 500000)
 61 words of extra memory for PDF output out of 10000 (max. 10000000)

